<?xml version="1.0" encoding="UTF-8"?>
<testsuite xmlns:xsi="http://www.w3.org/2001/XMLSchema-instance" xsi:noNamespaceSchemaLocation="https://maven.apache.org/surefire/maven-surefire-plugin/xsd/surefire-test-report.xsd" version="3.0.2" name="com.mustafa.ing.CreditModuleApplicationTests" time="5.769" tests="1" errors="0" skipped="0" failures="0">
  <properties>
[...]
</properties>
  <testcase name="contextLoads" classname="com.mustafa.ing.CreditModuleApplicationTests" time="0.428">
    <system-out><![CDATA[08:51:55.607 [main] INFO org.springframework.test.context.support.AnnotationConfigContextLoaderUtils -- Could not detect default configuration classes for test class [com.mustafa.ing.CreditModuleApplicationTests]: CreditModuleApplicationTests does not declare any static, non-private, non-final, nested classes annotated with @Configuration.
08:51:55.726 [main] INFO org.springframework.boot.test.context.SpringBootTestContextBootstrapper -- Found @SpringBootConfiguration com.mustafa.ing.CreditModuleApplication for test class com.mustafa.ing.CreditModuleApplicationTests

  .   ____          _            __ _ _
 /\\ / ___'_ __ _ _(_)_ __  __ _ \ \ \ \
( ( )\___ | '_ | '_| | '_ \/ _` | \ \ \ \
 \\/  ___)| |_)| | | | | || (_| |  ) ) ) )
  '  |____| .__|_| |_|_| |_\__, | / / / /
 =========|_|==============|___/=/_/_/_/

 :: Spring Boot ::                (v3.4.0)

2024-12-19T08:51:56.125+03:00  INFO 6188 --- [credit-module] [           main] c.m.ing.CreditModuleApplicationTests     : Starting CreditModuleApplicationTests using Java 23.0.1 with PID 6188 (started by emust in C:\Users\emust\Documents\Repositories\ING\CreditModuleBankING)
2024-12-19T08:51:56.126+03:00  INFO 6188 --- [credit-module] [           main] c.m.ing.CreditModuleApplicationTests     : No active profile set, falling back to 1 default profile: "default"
2024-12-19T08:51:56.850+03:00  INFO 6188 --- [credit-module] [           main] .s.d.r.c.RepositoryConfigurationDelegate : Multiple Spring Data modules found, entering strict repository configuration mode
2024-12-19T08:51:56.851+03:00  INFO 6188 --- [credit-module] [           main] .s.d.r.c.RepositoryConfigurationDelegate : Bootstrapping Spring Data JDBC repositories in DEFAULT mode.
2024-12-19T08:51:56.892+03:00  INFO 6188 --- [credit-module] [           main] .RepositoryConfigurationExtensionSupport : Spring Data JDBC - Could not safely identify store assignment for repository candidate interface com.mustafa.ing.repository.CustomerRepository; If you want this repository to be a JDBC repository, consider annotating your entities with one of these annotations: org.springframework.data.relational.core.mapping.Table.
2024-12-19T08:51:56.894+03:00  INFO 6188 --- [credit-module] [           main] .RepositoryConfigurationExtensionSupport : Spring Data JDBC - Could not safely identify store assignment for repository candidate interface com.mustafa.ing.repository.LoanInstallmentRepository; If you want this repository to be a JDBC repository, consider annotating your entities with one of these annotations: org.springframework.data.relational.core.mapping.Table.
2024-12-19T08:51:56.896+03:00  INFO 6188 --- [credit-module] [           main] .RepositoryConfigurationExtensionSupport : Spring Data JDBC - Could not safely identify store assignment for repository candidate interface com.mustafa.ing.repository.LoanRepository; If you want this repository to be a JDBC repository, consider annotating your entities with one of these annotations: org.springframework.data.relational.core.mapping.Table.
2024-12-19T08:51:56.897+03:00  INFO 6188 --- [credit-module] [           main] .s.d.r.c.RepositoryConfigurationDelegate : Finished Spring Data repository scanning in 39 ms. Found 0 JDBC repository interfaces.
2024-12-19T08:51:56.910+03:00  INFO 6188 --- [credit-module] [           main] .s.d.r.c.RepositoryConfigurationDelegate : Multiple Spring Data modules found, entering strict repository configuration mode
2024-12-19T08:51:56.911+03:00  INFO 6188 --- [credit-module] [           main] .s.d.r.c.RepositoryConfigurationDelegate : Bootstrapping Spring Data JPA repositories in DEFAULT mode.
2024-12-19T08:51:56.949+03:00  INFO 6188 --- [credit-module] [           main] .s.d.r.c.RepositoryConfigurationDelegate : Finished Spring Data repository scanning in 32 ms. Found 3 JPA repository interfaces.
2024-12-19T08:51:57.303+03:00  INFO 6188 --- [credit-module] [           main] o.s.j.d.e.EmbeddedDatabaseFactory        : Starting embedded database: url='jdbc:h2:mem:loan;DB_CLOSE_DELAY=-1;DB_CLOSE_ON_EXIT=false', username='sa'
2024-12-19T08:51:57.635+03:00  INFO 6188 --- [credit-module] [           main] o.hibernate.jpa.internal.util.LogHelper  : HHH000204: Processing PersistenceUnitInfo [name: default]
2024-12-19T08:51:57.702+03:00  INFO 6188 --- [credit-module] [           main] org.hibernate.Version                    : HHH000412: Hibernate ORM core version 6.6.2.Final
2024-12-19T08:51:57.744+03:00  INFO 6188 --- [credit-module] [           main] o.h.c.internal.RegionFactoryInitiator    : HHH000026: Second-level cache disabled
2024-12-19T08:51:58.057+03:00  INFO 6188 --- [credit-module] [           main] o.s.o.j.p.SpringPersistenceUnitInfo      : No LoadTimeWeaver setup: ignoring JPA class transformer
2024-12-19T08:51:58.115+03:00  WARN 6188 --- [credit-module] [           main] org.hibernate.orm.deprecation            : HHH90000025: H2Dialect does not need to be specified explicitly using 'hibernate.dialect' (remove the property setting and it will be selected by default)
2024-12-19T08:51:58.132+03:00  INFO 6188 --- [credit-module] [           main] org.hibernate.orm.connections.pooling    : HHH10001005: Database info:
	Database JDBC URL [Connecting through datasource 'org.springframework.jdbc.datasource.embedded.EmbeddedDatabaseFactory$EmbeddedDataSourceProxy@2744dcae']
	Database driver: undefined/unknown
	Database version: 2.3.232
	Autocommit mode: undefined/unknown
	Isolation level: undefined/unknown
	Minimum pool size: undefined/unknown
	Maximum pool size: undefined/unknown
2024-12-19T08:51:58.946+03:00  INFO 6188 --- [credit-module] [           main] o.h.e.t.j.p.i.JtaPlatformInitiator       : HHH000489: No JTA platform available (set 'hibernate.transaction.jta.platform' to enable JTA platform integration)
Hibernate: alter table if exists customer alter column credit_limit set data type numeric(38,2)
Hibernate: alter table if exists customer alter column used_credit_limit set data type numeric(38,2)
Hibernate: alter table if exists customer alter column username set data type varchar(255)
Hibernate: alter table if exists loan alter column create_date set data type timestamp(6)
Hibernate: alter table if exists loan alter column loan_amount set data type numeric(38,2)
Hibernate: alter table if exists loan_installment alter column amount set data type numeric(38,2)
Hibernate: alter table if exists loan_installment alter column due_date set data type timestamp(6)
Hibernate: alter table if exists loan_installment alter column paid_amount set data type numeric(38,2)
Hibernate: alter table if exists loan_installment alter column payment_date set data type timestamp(6)
2024-12-19T08:51:59.004+03:00  INFO 6188 --- [credit-module] [           main] j.LocalContainerEntityManagerFactoryBean : Initialized JPA EntityManagerFactory for persistence unit 'default'
2024-12-19T08:51:59.321+03:00  INFO 6188 --- [credit-module] [           main] o.s.d.j.r.query.QueryEnhancerFactory     : Hibernate is in classpath; If applicable, HQL parser will be used.
2024-12-19T08:52:00.052+03:00  INFO 6188 --- [credit-module] [           main] o.s.s.p.JdbcUserDetailsManager           : No authentication manager set. Reauthentication of users when changing passwords will not be performed.
2024-12-19T08:52:00.077+03:00  WARN 6188 --- [credit-module] [           main] JpaBaseConfiguration$JpaWebConfiguration : spring.jpa.open-in-view is enabled by default. Therefore, database queries may be performed during view rendering. Explicitly configure spring.jpa.open-in-view to disable this warning
2024-12-19T08:52:00.108+03:00  INFO 6188 --- [credit-module] [           main] r$InitializeUserDetailsManagerConfigurer : Global AuthenticationManager configured with UserDetailsService bean with name users
2024-12-19T08:52:00.702+03:00  INFO 6188 --- [credit-module] [           main] o.s.b.a.h2.H2ConsoleAutoConfiguration    : H2 console available at '/h2-console'. Database available at 'jdbc:h2:mem:loan'
2024-12-19T08:52:00.774+03:00  INFO 6188 --- [credit-module] [           main] c.m.ing.CreditModuleApplicationTests     : Started CreditModuleApplicationTests in 4.909 seconds (process running for 5.945)
]]></system-out>
    <system-err><![CDATA[Mockito is currently self-attaching to enable the inline-mock-maker. This will no longer work in future releases of the JDK. Please add Mockito as an agent to your build what is described in Mockito's documentation: https://javadoc.io/doc/org.mockito/mockito-core/latest/org/mockito/Mockito.html#0.3
WARNING: A Java agent has been loaded dynamically (C:\Users\emust\.m2\repository\net\bytebuddy\byte-buddy-agent\1.15.10\byte-buddy-agent-1.15.10.jar)
WARNING: If a serviceability tool is in use, please run with -XX:+EnableDynamicAgentLoading to hide this warning
WARNING: If a serviceability tool is not in use, please run with -Djdk.instrument.traceUsage for more information
WARNING: Dynamic loading of agents will be disallowed by default in a future release
]]></system-err>
  </testcase>
</testsuite>